\BOOKMARK [1][-]{section.1}{Introdu\347\343o}{}% 1
\BOOKMARK [1][-]{section.2}{Apresenta\347\343o do modelo}{}% 2
\BOOKMARK [2][-]{subsection.2.1}{O n\372mero reprodutivo b\341sico}{section.2}% 3
\BOOKMARK [1][-]{section.3}{Dados}{}% 4
\BOOKMARK [2][-]{subsection.3.1}{An\341lise de dados}{section.3}% 5
\BOOKMARK [2][-]{subsection.3.2}{Suaviza\347\343o das curvas}{section.3}% 6
\BOOKMARK [2][-]{subsection.3.3}{Dados acumulados}{section.3}% 7
\BOOKMARK [1][-]{section.4}{Estimativa dos par\342metros}{}% 8
\BOOKMARK [2][-]{subsection.4.1}{Escolha e modelagem dos par\342metros}{section.4}% 9
\BOOKMARK [3][-]{subsubsection.4.1.1}{Estima\347\343o dos par\342metros que variam com o tempo}{subsection.4.1}% 10
\BOOKMARK [2][-]{subsection.4.2}{Identificabilidade}{section.4}% 11
\BOOKMARK [3][-]{subsubsection.4.2.1}{DAISY - Differential Algebra for Identifiability of SYstems}{subsection.4.2}% 12
\BOOKMARK [2][-]{subsection.4.3}{Ajuste nos dados}{section.4}% 13
\BOOKMARK [3][-]{subsubsection.4.3.1}{Hip\363teses inicias}{subsection.4.3}% 14
\BOOKMARK [3][-]{subsubsection.4.3.2}{M\351todo de estima\347\343o}{subsection.4.3}% 15
\BOOKMARK [3][-]{subsubsection.4.3.3}{An\341lise residual e Rt estimado}{subsection.4.3}% 16
\BOOKMARK [3][-]{subsubsection.4.3.4}{Identificabilidade pr\341tica}{subsection.4.3}% 17
\BOOKMARK [2][-]{subsection.4.4}{Quantificando incerteza sobre os par\342metros}{section.4}% 18
\BOOKMARK [1][-]{section.5}{Conclus\343o}{}% 19
\BOOKMARK [1][-]{section.6}{Agradecimentos}{}% 20
